2019-06-14 05:27:56,755 DEBUG   MainThread:79 [wandb_config.py:_load_defaults():81] no defaults not found in config-defaults.yaml
2019-06-14 05:27:56,756 DEBUG   MainThread:79 [cmd.py:execute():722] Popen(['git', 'rev-parse', '--show-toplevel'], cwd=/home/jovyan/LogisticText, universal_newlines=False, shell=None)
2019-06-14 05:27:56,764 DEBUG   MainThread:79 [cmd.py:execute():722] Popen(['git', 'rev-parse', '--show-toplevel'], cwd=/home/jovyan/LogisticText, universal_newlines=False, shell=None)
2019-06-14 05:27:56,772 DEBUG   MainThread:79 [cmd.py:execute():722] Popen(['git', 'cat-file', '--batch-check'], cwd=/home/jovyan/LogisticText, universal_newlines=False, shell=None)
2019-06-14 05:27:56,778 DEBUG   MainThread:79 [cmd.py:execute():722] Popen(['git', 'rev-parse', '--show-toplevel'], cwd=/home/jovyan/LogisticText, universal_newlines=False, shell=None)
2019-06-14 05:27:56,784 DEBUG   MainThread:79 [run_manager.py:__init__():460] Initialized sync for LogisticText/5938xgzs
2019-06-14 05:27:56,787 INFO    MainThread:79 [run_manager.py:wrap_existing_process():1007] wrapping existing process 70
2019-06-14 05:27:56,787 WARNING MainThread:79 [io_wrap.py:register():104] SIGWINCH handler was not None: <Handlers.SIG_DFL: 0>
2019-06-14 05:27:56,790 DEBUG   MainThread:79 [connectionpool.py:_new_conn():813] Starting new HTTPS connection (1): pypi.org:443
2019-06-14 05:27:56,873 DEBUG   MainThread:79 [connectionpool.py:_make_request():393] https://pypi.org:443 "GET /pypi/wandb/json HTTP/1.1" 200 31736
2019-06-14 05:27:56,890 INFO    MainThread:79 [run_manager.py:init_run():822] system metrics and metadata threads started
2019-06-14 05:27:56,890 INFO    MainThread:79 [run_manager.py:init_run():856] upserting run before process can begin, waiting at most 10 seconds
2019-06-14 05:27:56,890 DEBUG   Thread-13 :79 [cmd.py:execute():722] Popen(['git', 'rev-parse', '--show-toplevel'], cwd=/home/jovyan/LogisticText, universal_newlines=False, shell=None)
2019-06-14 05:27:56,904 DEBUG   Thread-13 :79 [connectionpool.py:_new_conn():813] Starting new HTTPS connection (1): api.wandb.ai:443
2019-06-14 05:27:57,030 DEBUG   Thread-13 :79 [connectionpool.py:_make_request():393] https://api.wandb.ai:443 "POST /graphql HTTP/1.1" 200 383
2019-06-14 05:27:57,033 INFO    Thread-13 :79 [run_manager.py:_upsert_run():918] saving patches
2019-06-14 05:27:57,034 DEBUG   Thread-13 :79 [cmd.py:execute():722] Popen(['git', 'rev-parse', '--show-toplevel'], cwd=/home/jovyan/LogisticText, universal_newlines=False, shell=None)
2019-06-14 05:27:57,039 DEBUG   Thread-13 :79 [cmd.py:execute():722] Popen(['git', 'diff', '--cached', '--abbrev=40', '--full-index', '--raw'], cwd=/home/jovyan/LogisticText, universal_newlines=False, shell=None)
2019-06-14 05:27:57,044 DEBUG   Thread-13 :79 [cmd.py:execute():722] Popen(['git', 'diff', '--abbrev=40', '--full-index', '--raw'], cwd=/home/jovyan/LogisticText, universal_newlines=False, shell=None)
2019-06-14 05:27:57,244 DEBUG   Thread-13 :79 [cmd.py:execute():722] Popen(['git', 'version'], cwd=/home/jovyan/LogisticText, universal_newlines=False, shell=None)
2019-06-14 05:27:57,471 DEBUG   Thread-13 :79 [cmd.py:execute():722] Popen(['git', 'merge-base', 'HEAD', 'cd8bfac0589dc3daf070e7abc4a5770b7ee401ab'], cwd=/home/jovyan/LogisticText, universal_newlines=False, shell=None)
2019-06-14 05:27:57,477 INFO    Thread-13 :79 [run_manager.py:_upsert_run():920] saving pip packages
2019-06-14 05:27:57,478 INFO    Thread-13 :79 [run_manager.py:_upsert_run():922] initializing streaming files api
2019-06-14 05:27:57,478 INFO    Thread-13 :79 [run_manager.py:_upsert_run():929] unblocking file change observer, beginning sync with W&B servers
2019-06-14 05:27:57,479 INFO    MainThread:79 [run_manager.py:wrap_existing_process():1024] informing user process we are ready to proceed
2019-06-14 05:27:57,479 INFO    MainThread:79 [run_manager.py:_sync_etc():1107] entering loop for messages from user process
2019-06-14 05:27:57,771 INFO    Thread-2  :79 [run_manager.py:_on_file_created():584] file/dir created: /home/jovyan/LogisticText/wandb/run-20190614_052756-5938xgzs/requirements.txt
2019-06-14 05:27:57,773 INFO    Thread-2  :79 [run_manager.py:_on_file_created():584] file/dir created: /home/jovyan/LogisticText/wandb/run-20190614_052756-5938xgzs/diff.patch
2019-06-14 05:27:57,776 INFO    Thread-2  :79 [run_manager.py:_on_file_created():584] file/dir created: /home/jovyan/LogisticText/wandb/run-20190614_052756-5938xgzs/wandb-metadata.json
2019-06-14 05:27:58,195 INFO    MainThread:79 [run_manager.py:_sync_etc():1130] received message from user process: {"save_policy": {"glob": "model-best.h5", "policy": "live"}}
2019-06-14 05:27:58,770 INFO    Thread-2  :79 [run_manager.py:_on_file_created():584] file/dir created: /home/jovyan/LogisticText/wandb/run-20190614_052756-5938xgzs/wandb-summary.json
2019-06-14 05:27:59,525 DEBUG   Thread-6  :79 [connectionpool.py:_new_conn():813] Starting new HTTPS connection (1): api.wandb.ai:443
2019-06-14 05:27:59,655 DEBUG   Thread-6  :79 [connectionpool.py:_make_request():393] https://api.wandb.ai:443 "POST /aksj98/LogisticText/5938xgzs/file_stream HTTP/1.1" 200 311
2019-06-14 05:28:01,624 DEBUG   Thread-6  :79 [connectionpool.py:_make_request():393] https://api.wandb.ai:443 "POST /aksj98/LogisticText/5938xgzs/file_stream HTTP/1.1" 200 311
2019-06-14 05:28:01,772 INFO    Thread-2  :79 [run_manager.py:_on_file_modified():595] file/dir modified: /home/jovyan/LogisticText/wandb/run-20190614_052756-5938xgzs/wandb-history.jsonl
2019-06-14 05:28:01,774 INFO    Thread-2  :79 [run_manager.py:_on_file_modified():595] file/dir modified: /home/jovyan/LogisticText/wandb/run-20190614_052756-5938xgzs/wandb-summary.json
2019-06-14 05:28:01,775 INFO    Thread-2  :79 [run_manager.py:_on_file_created():584] file/dir created: /home/jovyan/LogisticText/wandb/run-20190614_052756-5938xgzs/media/images/examples_0.jpg
2019-06-14 05:28:01,775 INFO    Thread-2  :79 [run_manager.py:_on_file_created():584] file/dir created: /home/jovyan/LogisticText/wandb/run-20190614_052756-5938xgzs/media/images
2019-06-14 05:28:01,775 INFO    Thread-2  :79 [run_manager.py:_on_file_created():584] file/dir created: /home/jovyan/LogisticText/wandb/run-20190614_052756-5938xgzs/media
2019-06-14 05:28:01,782 DEBUG   Thread-15 :79 [connectionpool.py:_new_conn():813] Starting new HTTPS connection (1): api.wandb.ai:443
2019-06-14 05:28:01,875 DEBUG   Thread-15 :79 [connectionpool.py:_make_request():393] https://api.wandb.ai:443 "POST /graphql HTTP/1.1" 200 783
2019-06-14 05:28:01,882 DEBUG   Thread-15 :79 [connectionpool.py:_new_conn():813] Starting new HTTPS connection (1): storage.googleapis.com:443
2019-06-14 05:28:02,773 INFO    Thread-2  :79 [run_manager.py:_on_file_modified():595] file/dir modified: /home/jovyan/LogisticText/wandb/run-20190614_052756-5938xgzs/media/images
2019-06-14 05:28:03,672 DEBUG   Thread-6  :79 [connectionpool.py:_make_request():393] https://api.wandb.ai:443 "POST /aksj98/LogisticText/5938xgzs/file_stream HTTP/1.1" 200 311
2019-06-14 05:28:04,777 INFO    Thread-2  :79 [run_manager.py:_on_file_modified():595] file/dir modified: /home/jovyan/LogisticText/wandb/run-20190614_052756-5938xgzs/wandb-history.jsonl
2019-06-14 05:28:04,778 INFO    Thread-2  :79 [run_manager.py:_on_file_modified():595] file/dir modified: /home/jovyan/LogisticText/wandb/run-20190614_052756-5938xgzs/wandb-summary.json
2019-06-14 05:28:04,778 INFO    Thread-2  :79 [run_manager.py:_on_file_created():584] file/dir created: /home/jovyan/LogisticText/wandb/run-20190614_052756-5938xgzs/media/images/examples_1.jpg
2019-06-14 05:28:04,778 INFO    Thread-2  :79 [run_manager.py:_on_file_modified():595] file/dir modified: /home/jovyan/LogisticText/wandb/run-20190614_052756-5938xgzs/media/images
2019-06-14 05:28:04,795 DEBUG   Thread-16 :79 [connectionpool.py:_new_conn():813] Starting new HTTPS connection (1): api.wandb.ai:443
2019-06-14 05:28:04,885 DEBUG   Thread-16 :79 [connectionpool.py:_make_request():393] https://api.wandb.ai:443 "POST /graphql HTTP/1.1" 200 785
2019-06-14 05:28:04,891 DEBUG   Thread-16 :79 [connectionpool.py:_new_conn():813] Starting new HTTPS connection (1): storage.googleapis.com:443
2019-06-14 05:28:05,178 DEBUG   Thread-16 :79 [connectionpool.py:_make_request():393] https://storage.googleapis.com:443 "PUT /wandb-production.appspot.com/aksj98/LogisticText/5938xgzs/media/images/examples_1.jpg?Expires=1560490144&GoogleAccessId=gorilla-cloud-storage%40wandb-production.iam.gserviceaccount.com&Signature=V3NAkC5gCjRJshPsnE%2FC6nsrVh6kxK5WAf%2FmE02COIYwMhvvoYXguN5PsjfkXi3XUUKx%2BtaZa94XfIGO1WHkYR8AntwvER8tqwPCXG27ZmzF4j27P85fqOWWUZyw0Bnb8%2Bu%2FEqh7AUD5rErsOvt%2BsB13If2kZMsStox55ve9hJxMIB7cW3h9ny9%2F3fx1qJsViznW4GxnfPv3kmCQs8Sba0trIjl7Q51jo8b0PNrUTnQ4%2FmyLDqAea3Z0mBtj8Mh88fwcXog8tEfqa7GZoGJOdAbHNPS0gULag%2B56voGViGr%2FXd1bw3rSOwBxqcrytPWgpCULzGonb8SzOhWftALSyQ%3D%3D HTTP/1.1" 200 0
2019-06-14 05:28:05,343 DEBUG   Thread-15 :79 [connectionpool.py:_make_request():393] https://storage.googleapis.com:443 "PUT /wandb-production.appspot.com/aksj98/LogisticText/5938xgzs/media/images/examples_0.jpg?Expires=1560490141&GoogleAccessId=gorilla-cloud-storage%40wandb-production.iam.gserviceaccount.com&Signature=IYcq0DIdMnrLIYlEQtAvr1gxJy%2BHkeJF%2BoylbwDbwIHIIlLstkW0EDUGPKs7P67cAKMI6jkKiMn6oClFDCwX6FDX7fKzwShBHjpXy0hsN2IpQXumC2BeZJg%2Fy99jFovmM3ql4J720Cojd%2FZKpDrTnTsOUOgBzHB5aICnkrHi7Z6GeQv%2Fv8Nwl%2BDdhkLrlHSfWgPpzqHup1zZZVem9os2e3juKiGUpKlvA8k4CE%2F0MNWaJhQ8J%2B2wyLtdPmBxA9aakfucsO3TGWh8m9Ye0JLGpnZdFWDoGqm00CXFTtJ2WjsZ1GqHCemc2d2gq2M9v%2FIFd35Zg31VytmKlpqPD6KhMA%3D%3D HTTP/1.1" 200 0
2019-06-14 05:28:05,696 DEBUG   Thread-6  :79 [connectionpool.py:_make_request():393] https://api.wandb.ai:443 "POST /aksj98/LogisticText/5938xgzs/file_stream HTTP/1.1" 200 311
2019-06-14 05:28:05,778 INFO    Thread-2  :79 [run_manager.py:_on_file_modified():595] file/dir modified: /home/jovyan/LogisticText/wandb/run-20190614_052756-5938xgzs/media/images
2019-06-14 05:28:06,779 INFO    Thread-2  :79 [run_manager.py:_on_file_modified():595] file/dir modified: /home/jovyan/LogisticText/wandb/run-20190614_052756-5938xgzs/wandb-history.jsonl
2019-06-14 05:28:06,779 INFO    Thread-2  :79 [run_manager.py:_on_file_modified():595] file/dir modified: /home/jovyan/LogisticText/wandb/run-20190614_052756-5938xgzs/wandb-summary.json
2019-06-14 05:28:06,779 INFO    Thread-2  :79 [run_manager.py:_on_file_created():584] file/dir created: /home/jovyan/LogisticText/wandb/run-20190614_052756-5938xgzs/media/images/examples_2.jpg
2019-06-14 05:28:06,780 INFO    Thread-2  :79 [run_manager.py:_on_file_modified():595] file/dir modified: /home/jovyan/LogisticText/wandb/run-20190614_052756-5938xgzs/media/images
2019-06-14 05:28:06,786 DEBUG   Thread-17 :79 [connectionpool.py:_new_conn():813] Starting new HTTPS connection (1): api.wandb.ai:443
2019-06-14 05:28:06,882 DEBUG   Thread-17 :79 [connectionpool.py:_make_request():393] https://api.wandb.ai:443 "POST /graphql HTTP/1.1" 200 783
2019-06-14 05:28:06,890 DEBUG   Thread-17 :79 [connectionpool.py:_new_conn():813] Starting new HTTPS connection (1): storage.googleapis.com:443
2019-06-14 05:28:07,308 DEBUG   Thread-17 :79 [connectionpool.py:_make_request():393] https://storage.googleapis.com:443 "PUT /wandb-production.appspot.com/aksj98/LogisticText/5938xgzs/media/images/examples_2.jpg?Expires=1560490146&GoogleAccessId=gorilla-cloud-storage%40wandb-production.iam.gserviceaccount.com&Signature=pAa2I0U56QwWXs8SNGykmrY3Hcx3iqKRq2CbO8MLSscR7SSKt1BjyTRnJskQGm09%2B%2FFdNfiibiPOvMoOxrMZ2smFOkeOD%2FDn11Q7%2FvVR5Pr1Ygpqu%2BAFvCK9mOceXMpEiA%2FVNdDQseScLh18bCbmi33ZCORpKreBsg2CUiSddW7waG6wxpZdhHCnRHO4z5cojxdwA5Gji2SWOISMy9Jf1%2FBdTysGjJD%2FruW077SmEDVqYcZd3m7v1%2BsNVeCxw429EEdf17SBZdYqbvqxjH8leP2t8jk1O2kBZ4xZsf00juRVbFKQQckxcfuWjcIiULHxg8bD9BXeSEt80P6iiJh2zA%3D%3D HTTP/1.1" 200 0
2019-06-14 05:28:07,732 DEBUG   Thread-6  :79 [connectionpool.py:_make_request():393] https://api.wandb.ai:443 "POST /aksj98/LogisticText/5938xgzs/file_stream HTTP/1.1" 200 311
2019-06-14 05:28:07,779 INFO    Thread-2  :79 [run_manager.py:_on_file_modified():595] file/dir modified: /home/jovyan/LogisticText/wandb/run-20190614_052756-5938xgzs/media/images
2019-06-14 05:28:09,735 DEBUG   Thread-6  :79 [connectionpool.py:_make_request():393] https://api.wandb.ai:443 "POST /aksj98/LogisticText/5938xgzs/file_stream HTTP/1.1" 200 311
2019-06-14 05:28:09,780 INFO    Thread-2  :79 [run_manager.py:_on_file_modified():595] file/dir modified: /home/jovyan/LogisticText/wandb/run-20190614_052756-5938xgzs/wandb-history.jsonl
2019-06-14 05:28:09,781 INFO    Thread-2  :79 [run_manager.py:_on_file_modified():595] file/dir modified: /home/jovyan/LogisticText/wandb/run-20190614_052756-5938xgzs/wandb-summary.json
2019-06-14 05:28:09,781 INFO    Thread-2  :79 [run_manager.py:_on_file_created():584] file/dir created: /home/jovyan/LogisticText/wandb/run-20190614_052756-5938xgzs/media/images/examples_3.jpg
2019-06-14 05:28:09,781 INFO    Thread-2  :79 [run_manager.py:_on_file_modified():595] file/dir modified: /home/jovyan/LogisticText/wandb/run-20190614_052756-5938xgzs/media/images
2019-06-14 05:28:09,795 DEBUG   Thread-18 :79 [connectionpool.py:_new_conn():813] Starting new HTTPS connection (1): api.wandb.ai:443
2019-06-14 05:28:09,887 DEBUG   Thread-18 :79 [connectionpool.py:_make_request():393] https://api.wandb.ai:443 "POST /graphql HTTP/1.1" 200 785
2019-06-14 05:28:09,894 DEBUG   Thread-18 :79 [connectionpool.py:_new_conn():813] Starting new HTTPS connection (1): storage.googleapis.com:443
2019-06-14 05:28:10,192 DEBUG   Thread-18 :79 [connectionpool.py:_make_request():393] https://storage.googleapis.com:443 "PUT /wandb-production.appspot.com/aksj98/LogisticText/5938xgzs/media/images/examples_3.jpg?Expires=1560490149&GoogleAccessId=gorilla-cloud-storage%40wandb-production.iam.gserviceaccount.com&Signature=QFp52L%2FXVGJ62rZ0SF5i1x6Lh7ZOHS2iOcvYPecYdYzJW3%2FS%2Fb5gSZPJksZYQUw9Q80dbNVyiN78XaWTMMnNRGNyG%2Fzf4d%2FRq7hfa5Gv5n1kRRLBCzRqkm2PjilqUE7Bp8HsLVNG%2Bv0U0dacJIUwcAryEQlPGuqRO197YP3fGG5KD01HcHZiICd6ciGlzwnU3xFFTDuUrvHQzgG2%2FoB3TKHKH90UCQQ4OCgM7htDP5rcoULdpSpgejkbqjGUh3qfIKItdngaT6oGQZ7qBow94qMZ%2BS99aELY%2FCRuR%2FcdFJ39ZtGn4Yrw8MkC0mASibnbvInGZ2PutuA4ccryUCljtw%3D%3D HTTP/1.1" 200 0
2019-06-14 05:28:10,781 INFO    Thread-2  :79 [run_manager.py:_on_file_modified():595] file/dir modified: /home/jovyan/LogisticText/wandb/run-20190614_052756-5938xgzs/media/images
2019-06-14 05:28:11,759 DEBUG   Thread-6  :79 [connectionpool.py:_make_request():393] https://api.wandb.ai:443 "POST /aksj98/LogisticText/5938xgzs/file_stream HTTP/1.1" 200 311
2019-06-14 05:28:12,783 INFO    Thread-2  :79 [run_manager.py:_on_file_modified():595] file/dir modified: /home/jovyan/LogisticText/wandb/run-20190614_052756-5938xgzs/wandb-history.jsonl
2019-06-14 05:28:12,783 INFO    Thread-2  :79 [run_manager.py:_on_file_modified():595] file/dir modified: /home/jovyan/LogisticText/wandb/run-20190614_052756-5938xgzs/wandb-summary.json
2019-06-14 05:28:12,784 INFO    Thread-2  :79 [run_manager.py:_on_file_created():584] file/dir created: /home/jovyan/LogisticText/wandb/run-20190614_052756-5938xgzs/media/images/examples_4.jpg
2019-06-14 05:28:12,784 INFO    Thread-2  :79 [run_manager.py:_on_file_modified():595] file/dir modified: /home/jovyan/LogisticText/wandb/run-20190614_052756-5938xgzs/media/images
2019-06-14 05:28:12,798 DEBUG   Thread-19 :79 [connectionpool.py:_new_conn():813] Starting new HTTPS connection (1): api.wandb.ai:443
2019-06-14 05:28:12,908 DEBUG   Thread-19 :79 [connectionpool.py:_make_request():393] https://api.wandb.ai:443 "POST /graphql HTTP/1.1" 200 787
2019-06-14 05:28:12,915 DEBUG   Thread-19 :79 [connectionpool.py:_new_conn():813] Starting new HTTPS connection (1): storage.googleapis.com:443
2019-06-14 05:28:13,263 DEBUG   Thread-19 :79 [connectionpool.py:_make_request():393] https://storage.googleapis.com:443 "PUT /wandb-production.appspot.com/aksj98/LogisticText/5938xgzs/media/images/examples_4.jpg?Expires=1560490152&GoogleAccessId=gorilla-cloud-storage%40wandb-production.iam.gserviceaccount.com&Signature=ZXqqlLIqhnztdnGy4a4AMH42kvhwu1mnvGOQyqMxwAvHrJDBMC%2F6g3BqWxMQE2e9eXCWLGh4GWrU%2B70jbBCwYc7QjFlehYUvExFzXle3NkD0OPATBaqoxzDQXprsXe6gzy%2B8cSPIRVlbeLF3B%2FO%2FrrzLn4TdSgBdSERLcc41jGlObGyYko5psOei4MC4Y3Z%2FKPJpyMyfk%2BEoaRe6OqnmdCPoAeAfdwkT4mJ%2BJ%2FSPs58g5rCvS0nBZ8LRBWlFaqLcMCZT4%2BwaoUHWmgCno7KW3Cd2fVdQ8g0kFNkysJb0xHBvfyqxeLFTXCsv97oywX4rFtzh%2FnirQv97sPQ1AJM1GA%3D%3D HTTP/1.1" 200 0
2019-06-14 05:28:13,783 INFO    Thread-2  :79 [run_manager.py:_on_file_modified():595] file/dir modified: /home/jovyan/LogisticText/wandb/run-20190614_052756-5938xgzs/wandb-metadata.json
2019-06-14 05:28:13,784 INFO    Thread-2  :79 [run_manager.py:_on_file_modified():595] file/dir modified: /home/jovyan/LogisticText/wandb/run-20190614_052756-5938xgzs/media/images
2019-06-14 05:28:13,811 DEBUG   Thread-6  :79 [connectionpool.py:_make_request():393] https://api.wandb.ai:443 "POST /aksj98/LogisticText/5938xgzs/file_stream HTTP/1.1" 200 311
2019-06-14 05:28:15,785 INFO    Thread-2  :79 [run_manager.py:_on_file_modified():595] file/dir modified: /home/jovyan/LogisticText/wandb/run-20190614_052756-5938xgzs/wandb-history.jsonl
2019-06-14 05:28:15,785 INFO    Thread-2  :79 [run_manager.py:_on_file_modified():595] file/dir modified: /home/jovyan/LogisticText/wandb/run-20190614_052756-5938xgzs/wandb-summary.json
2019-06-14 05:28:15,785 INFO    Thread-2  :79 [run_manager.py:_on_file_created():584] file/dir created: /home/jovyan/LogisticText/wandb/run-20190614_052756-5938xgzs/media/images/examples_5.jpg
2019-06-14 05:28:15,786 INFO    Thread-2  :79 [run_manager.py:_on_file_modified():595] file/dir modified: /home/jovyan/LogisticText/wandb/run-20190614_052756-5938xgzs/media/images
2019-06-14 05:28:15,794 DEBUG   Thread-20 :79 [connectionpool.py:_new_conn():813] Starting new HTTPS connection (1): api.wandb.ai:443
2019-06-14 05:28:15,818 DEBUG   Thread-6  :79 [connectionpool.py:_make_request():393] https://api.wandb.ai:443 "POST /aksj98/LogisticText/5938xgzs/file_stream HTTP/1.1" 200 311
2019-06-14 05:28:15,886 DEBUG   Thread-20 :79 [connectionpool.py:_make_request():393] https://api.wandb.ai:443 "POST /graphql HTTP/1.1" 200 781
2019-06-14 05:28:15,891 DEBUG   Thread-20 :79 [connectionpool.py:_new_conn():813] Starting new HTTPS connection (1): storage.googleapis.com:443
2019-06-14 05:28:16,173 DEBUG   Thread-20 :79 [connectionpool.py:_make_request():393] https://storage.googleapis.com:443 "PUT /wandb-production.appspot.com/aksj98/LogisticText/5938xgzs/media/images/examples_5.jpg?Expires=1560490155&GoogleAccessId=gorilla-cloud-storage%40wandb-production.iam.gserviceaccount.com&Signature=p11HIxEgDvylzL%2BA0HoNW57sdS%2BcYRdpVtGO6ieymjRkqWu91lXDv43jhFWpjql37JLNeRW%2FW7x0lp81Ra20ZyZnrNqDtng2Hmp50HIGo9RwkNMVMglZ3OepEKn2AWmFwjcbQb49U4Pex47Gg0uS6j5Y8uTdbr9ydjru5IkcUbQn%2BT54p9qhIGwz6c4EJJXe2Ac1lJ0O4JntdYUKhQmEf74feXVM1ei2%2FKUVCMGoZNQc8xIRLbLOgkl55RPgwC5GHHmr8Nxr5z8JkB%2FIkrLReuj16cfYOAK4Ut9xIraJahh5X12J%2B9ougI0rs4ra9t4YUAgcdmQPCU2ZcdT%2FUDoXbg%3D%3D HTTP/1.1" 200 0
2019-06-14 05:28:16,785 INFO    Thread-2  :79 [run_manager.py:_on_file_modified():595] file/dir modified: /home/jovyan/LogisticText/wandb/run-20190614_052756-5938xgzs/media/images
2019-06-14 05:28:17,786 INFO    Thread-2  :79 [run_manager.py:_on_file_modified():595] file/dir modified: /home/jovyan/LogisticText/wandb/run-20190614_052756-5938xgzs/wandb-history.jsonl
2019-06-14 05:28:17,787 INFO    Thread-2  :79 [run_manager.py:_on_file_modified():595] file/dir modified: /home/jovyan/LogisticText/wandb/run-20190614_052756-5938xgzs/wandb-summary.json
2019-06-14 05:28:17,787 INFO    Thread-2  :79 [run_manager.py:_on_file_created():584] file/dir created: /home/jovyan/LogisticText/wandb/run-20190614_052756-5938xgzs/media/images/examples_6.jpg
2019-06-14 05:28:17,788 INFO    Thread-2  :79 [run_manager.py:_on_file_modified():595] file/dir modified: /home/jovyan/LogisticText/wandb/run-20190614_052756-5938xgzs/media/images
2019-06-14 05:28:17,801 DEBUG   Thread-21 :79 [connectionpool.py:_new_conn():813] Starting new HTTPS connection (1): api.wandb.ai:443
2019-06-14 05:28:17,855 DEBUG   Thread-6  :79 [connectionpool.py:_make_request():393] https://api.wandb.ai:443 "POST /aksj98/LogisticText/5938xgzs/file_stream HTTP/1.1" 200 311
2019-06-14 05:28:17,908 DEBUG   Thread-21 :79 [connectionpool.py:_make_request():393] https://api.wandb.ai:443 "POST /graphql HTTP/1.1" 200 781
2019-06-14 05:28:17,915 DEBUG   Thread-21 :79 [connectionpool.py:_new_conn():813] Starting new HTTPS connection (1): storage.googleapis.com:443
2019-06-14 05:28:18,142 DEBUG   Thread-21 :79 [connectionpool.py:_make_request():393] https://storage.googleapis.com:443 "PUT /wandb-production.appspot.com/aksj98/LogisticText/5938xgzs/media/images/examples_6.jpg?Expires=1560490157&GoogleAccessId=gorilla-cloud-storage%40wandb-production.iam.gserviceaccount.com&Signature=JY%2BHF8Cr%2F9zFuGxH1s5VkPleAQBnLqTfpk3wYOfIWGj0gxYIdOfHGzYlXRNjUN05iTbMMHnHMCnfTwVooleOrw6mNSeIuj6gJmgFXtxsTqUBUo5VhMS%2FvcYEBZtYyXTUjm60SzmT6H9gT2FFCFFtvxpNkiXiV67qsPuIvCf0sge8CpNAiEaYEVx8BPapQ6YmtWsgy34Ns%2BtdcGkeTxUn%2F66K3hvn7aB2Oej5N2qx8G88ahu7cfwB5OxtgBcmqDldXwkBnb%2FJCpBkCaCt3lzRKHs%2BIjn2osQaG5T9kDqyoe04IOBV2ETB32Z7ppfmb3js8ePEafcU4%2Bj8yiyTnXepNA%3D%3D HTTP/1.1" 200 0
2019-06-14 05:28:18,788 INFO    Thread-2  :79 [run_manager.py:_on_file_modified():595] file/dir modified: /home/jovyan/LogisticText/wandb/run-20190614_052756-5938xgzs/media/images
2019-06-14 05:28:19,896 DEBUG   Thread-6  :79 [connectionpool.py:_make_request():393] https://api.wandb.ai:443 "POST /aksj98/LogisticText/5938xgzs/file_stream HTTP/1.1" 200 311
2019-06-14 05:28:20,789 INFO    Thread-2  :79 [run_manager.py:_on_file_modified():595] file/dir modified: /home/jovyan/LogisticText/wandb/run-20190614_052756-5938xgzs/wandb-history.jsonl
2019-06-14 05:28:20,790 INFO    Thread-2  :79 [run_manager.py:_on_file_modified():595] file/dir modified: /home/jovyan/LogisticText/wandb/run-20190614_052756-5938xgzs/wandb-summary.json
2019-06-14 05:28:20,790 INFO    Thread-2  :79 [run_manager.py:_on_file_created():584] file/dir created: /home/jovyan/LogisticText/wandb/run-20190614_052756-5938xgzs/media/images/examples_7.jpg
2019-06-14 05:28:20,791 INFO    Thread-2  :79 [run_manager.py:_on_file_modified():595] file/dir modified: /home/jovyan/LogisticText/wandb/run-20190614_052756-5938xgzs/media/images
2019-06-14 05:28:20,803 DEBUG   Thread-22 :79 [connectionpool.py:_new_conn():813] Starting new HTTPS connection (1): api.wandb.ai:443
2019-06-14 05:28:20,921 DEBUG   Thread-22 :79 [connectionpool.py:_make_request():393] https://api.wandb.ai:443 "POST /graphql HTTP/1.1" 200 783
2019-06-14 05:28:20,928 DEBUG   Thread-22 :79 [connectionpool.py:_new_conn():813] Starting new HTTPS connection (1): storage.googleapis.com:443
2019-06-14 05:28:21,131 DEBUG   Thread-22 :79 [connectionpool.py:_make_request():393] https://storage.googleapis.com:443 "PUT /wandb-production.appspot.com/aksj98/LogisticText/5938xgzs/media/images/examples_7.jpg?Expires=1560490160&GoogleAccessId=gorilla-cloud-storage%40wandb-production.iam.gserviceaccount.com&Signature=QGJpLhEOqQ3sHt%2FfHO6ovaihZMIxQMNGvnxudvtpr7LLVQWX4cKi2%2FBkn4JVRggI4iJbttN8WolD0sDtr%2BKw712K65ze5i72guMxTj2eyEgPLX4rqmNzlofXkVGRWu7niX8pdPmnHg4h2r2nqZFE7OPOfySLnT9xpn0jeSkSJaVWTFwP13R2CbfY9DKOjglQIp%2BRNTOGFuocO6v0WNR4%2BA46MrDjwGRsH2a9FICsnOaETN9tgSW02Tvy2SXi5gVr4%2BMqRUAXTgCd64je9h%2BmkIA3Vs1CZ6PPmDgASaXabiWj8Jqd6B42Mf8cp28rkOqEH%2FTuRm5ozbSLKO8bQ%2BMUSg%3D%3D HTTP/1.1" 200 0
2019-06-14 05:28:21,790 INFO    Thread-2  :79 [run_manager.py:_on_file_modified():595] file/dir modified: /home/jovyan/LogisticText/wandb/run-20190614_052756-5938xgzs/media/images
2019-06-14 05:28:21,903 DEBUG   Thread-6  :79 [connectionpool.py:_make_request():393] https://api.wandb.ai:443 "POST /aksj98/LogisticText/5938xgzs/file_stream HTTP/1.1" 200 311
2019-06-14 05:28:23,792 INFO    Thread-2  :79 [run_manager.py:_on_file_modified():595] file/dir modified: /home/jovyan/LogisticText/wandb/run-20190614_052756-5938xgzs/wandb-history.jsonl
2019-06-14 05:28:23,792 INFO    Thread-2  :79 [run_manager.py:_on_file_modified():595] file/dir modified: /home/jovyan/LogisticText/wandb/run-20190614_052756-5938xgzs/wandb-summary.json
2019-06-14 05:28:23,793 INFO    Thread-2  :79 [run_manager.py:_on_file_created():584] file/dir created: /home/jovyan/LogisticText/wandb/run-20190614_052756-5938xgzs/media/images/examples_8.jpg
2019-06-14 05:28:23,793 INFO    Thread-2  :79 [run_manager.py:_on_file_modified():595] file/dir modified: /home/jovyan/LogisticText/wandb/run-20190614_052756-5938xgzs/media/images
2019-06-14 05:28:23,806 DEBUG   Thread-23 :79 [connectionpool.py:_new_conn():813] Starting new HTTPS connection (1): api.wandb.ai:443
2019-06-14 05:28:23,897 DEBUG   Thread-23 :79 [connectionpool.py:_make_request():393] https://api.wandb.ai:443 "POST /graphql HTTP/1.1" 200 791
2019-06-14 05:28:23,903 DEBUG   Thread-23 :79 [connectionpool.py:_new_conn():813] Starting new HTTPS connection (1): storage.googleapis.com:443
2019-06-14 05:28:23,933 DEBUG   Thread-6  :79 [connectionpool.py:_make_request():393] https://api.wandb.ai:443 "POST /aksj98/LogisticText/5938xgzs/file_stream HTTP/1.1" 200 311
2019-06-14 05:28:24,189 DEBUG   Thread-23 :79 [connectionpool.py:_make_request():393] https://storage.googleapis.com:443 "PUT /wandb-production.appspot.com/aksj98/LogisticText/5938xgzs/media/images/examples_8.jpg?Expires=1560490163&GoogleAccessId=gorilla-cloud-storage%40wandb-production.iam.gserviceaccount.com&Signature=SpzcDkSLbudCG6e6oUAPiodAFbZ0jy4%2BpkyzwjERm2WVS2KxJeqpy8Ek2h6RIYN6dw6PtGDUR%2BedqqkHqttAEiRKpWkFPyJT3mef5iFLS3x%2BIlp4aLh%2Fxzb8jkti%2B%2FU3fU1O%2B5PfSDglJunhYBBNK1y6t0u4l%2F2eZMkPiq6T6jI2vk8CjRhNChYZNyCUWjThRnyKlSYW%2BoSBQkl5hJZupFASXURT9%2BlACoR6PL62xpF2CJfl1B4njQ3Cd1EfvqfO5AVLQqe8Oi7QuW3D67%2B32xXcJRV6jPI%2BCTgjwXi5ICZqs%2FAQlgbIVcbV4d7rhV80Dk7Ff5qqZN7iDPxMhUuIEw%3D%3D HTTP/1.1" 200 0
2019-06-14 05:28:24,793 INFO    Thread-2  :79 [run_manager.py:_on_file_modified():595] file/dir modified: /home/jovyan/LogisticText/wandb/run-20190614_052756-5938xgzs/media/images
2019-06-14 05:28:25,793 INFO    Thread-2  :79 [run_manager.py:_on_file_modified():595] file/dir modified: /home/jovyan/LogisticText/wandb/run-20190614_052756-5938xgzs/wandb-history.jsonl
2019-06-14 05:28:25,794 INFO    Thread-2  :79 [run_manager.py:_on_file_modified():595] file/dir modified: /home/jovyan/LogisticText/wandb/run-20190614_052756-5938xgzs/wandb-summary.json
2019-06-14 05:28:25,794 INFO    Thread-2  :79 [run_manager.py:_on_file_created():584] file/dir created: /home/jovyan/LogisticText/wandb/run-20190614_052756-5938xgzs/wandb-events.jsonl
2019-06-14 05:28:25,795 INFO    Thread-2  :79 [run_manager.py:_on_file_created():584] file/dir created: /home/jovyan/LogisticText/wandb/run-20190614_052756-5938xgzs/media/images/examples_9.jpg
2019-06-14 05:28:25,795 INFO    Thread-2  :79 [run_manager.py:_on_file_modified():595] file/dir modified: /home/jovyan/LogisticText/wandb/run-20190614_052756-5938xgzs/media/images
2019-06-14 05:28:25,799 DEBUG   Thread-25 :79 [connectionpool.py:_new_conn():813] Starting new HTTPS connection (1): api.wandb.ai:443
2019-06-14 05:28:25,878 DEBUG   Thread-25 :79 [connectionpool.py:_make_request():393] https://api.wandb.ai:443 "POST /graphql HTTP/1.1" 200 799
2019-06-14 05:28:25,882 DEBUG   Thread-25 :79 [connectionpool.py:_new_conn():813] Starting new HTTPS connection (1): storage.googleapis.com:443
2019-06-14 05:28:26,154 DEBUG   Thread-25 :79 [connectionpool.py:_make_request():393] https://storage.googleapis.com:443 "PUT /wandb-production.appspot.com/aksj98/LogisticText/5938xgzs/media/images/examples_9.jpg?Expires=1560490165&GoogleAccessId=gorilla-cloud-storage%40wandb-production.iam.gserviceaccount.com&Signature=WbM9rYgRDe8w%2BQm7j5%2FMXGhPepPZckJxw8ui2wdCak04kWRDx8OulyYB%2FCDIWsbQIPzdNyKCo9bYkRA%2FB0XNf5er2V3Rr6KBRN3elXXoOvXT%2FiuUa%2FWLL0XqzM8kwivMGhB7cOcQfOGYCBJaWWVfTPjkBuRIuKhE66LC%2FEw3Qi%2B%2FAJzJJe15LEq%2BX9aK%2FnI4u3RkHfhKSFzmt1Sn9EUX8WeTh7GDlK%2BgS8SUsFsJUhsg96jOq9ETOfAma4r4a%2BfgSOac8KtIjKFD6hij4%2FrkGIDgZBF3RRJH7pi5h%2Bev6Y3h%2BXFazoqHBIDS%2FhXJgWM7v31DfuQXkSXLflRUH8O7wQ%3D%3D HTTP/1.1" 200 0
2019-06-14 05:28:26,222 INFO    MainThread:79 [run_manager.py:_sync_etc():1130] received message from user process: {"exitcode": 0}
2019-06-14 05:28:26,223 INFO    MainThread:79 [run_manager.py:_sync_etc():1216] closing log streams and sending exitcode to W&B
2019-06-14 05:28:26,223 INFO    MainThread:79 [run_manager.py:shutdown():936] shutting down system stats and metadata service
2019-06-14 05:28:26,311 DEBUG   Thread-6  :79 [connectionpool.py:_make_request():393] https://api.wandb.ai:443 "POST /aksj98/LogisticText/5938xgzs/file_stream HTTP/1.1" 200 311
2019-06-14 05:28:26,794 INFO    Thread-2  :79 [run_manager.py:_on_file_modified():595] file/dir modified: /home/jovyan/LogisticText/wandb/run-20190614_052756-5938xgzs/wandb-events.jsonl
2019-06-14 05:28:26,795 INFO    Thread-2  :79 [run_manager.py:_on_file_modified():595] file/dir modified: /home/jovyan/LogisticText/wandb/run-20190614_052756-5938xgzs/media/images
2019-06-14 05:28:26,920 INFO    MainThread:79 [run_manager.py:shutdown():945] stopping streaming files and file change observer
2019-06-14 05:28:27,795 INFO    Thread-2  :79 [run_manager.py:_on_file_modified():595] file/dir modified: /home/jovyan/LogisticText/wandb/run-20190614_052756-5938xgzs/wandb-metadata.json
2019-06-14 05:28:27,799 DEBUG   Thread-26 :79 [connectionpool.py:_new_conn():813] Starting new HTTPS connection (1): api.wandb.ai:443
2019-06-14 05:28:27,804 DEBUG   Thread-27 :79 [connectionpool.py:_new_conn():813] Starting new HTTPS connection (1): api.wandb.ai:443
2019-06-14 05:28:27,806 DEBUG   Thread-28 :79 [connectionpool.py:_new_conn():813] Starting new HTTPS connection (1): api.wandb.ai:443
2019-06-14 05:28:27,810 DEBUG   Thread-29 :79 [connectionpool.py:_new_conn():813] Starting new HTTPS connection (1): api.wandb.ai:443
2019-06-14 05:28:27,896 DEBUG   Thread-26 :79 [connectionpool.py:_make_request():393] https://api.wandb.ai:443 "POST /graphql HTTP/1.1" 200 761
2019-06-14 05:28:27,900 DEBUG   Thread-26 :79 [connectionpool.py:_new_conn():813] Starting new HTTPS connection (1): storage.googleapis.com:443
2019-06-14 05:28:27,905 DEBUG   Thread-28 :79 [connectionpool.py:_make_request():393] https://api.wandb.ai:443 "POST /graphql HTTP/1.1" 200 765
2019-06-14 05:28:27,909 DEBUG   Thread-28 :79 [connectionpool.py:_new_conn():813] Starting new HTTPS connection (1): storage.googleapis.com:443
2019-06-14 05:28:27,911 DEBUG   Thread-27 :79 [connectionpool.py:_make_request():393] https://api.wandb.ai:443 "POST /graphql HTTP/1.1" 200 761
2019-06-14 05:28:27,916 DEBUG   Thread-29 :79 [connectionpool.py:_make_request():393] https://api.wandb.ai:443 "POST /graphql HTTP/1.1" 200 763
2019-06-14 05:28:27,917 DEBUG   Thread-27 :79 [connectionpool.py:_new_conn():813] Starting new HTTPS connection (1): storage.googleapis.com:443
2019-06-14 05:28:27,924 DEBUG   Thread-29 :79 [connectionpool.py:_new_conn():813] Starting new HTTPS connection (1): storage.googleapis.com:443
2019-06-14 05:28:28,171 DEBUG   Thread-27 :79 [connectionpool.py:_make_request():393] https://storage.googleapis.com:443 "PUT /wandb-production.appspot.com/aksj98/LogisticText/5938xgzs/diff.patch?Expires=1560490167&GoogleAccessId=gorilla-cloud-storage%40wandb-production.iam.gserviceaccount.com&Signature=IOrikmRw%2FOgbFo6lVOqSDQccDfBVn2oMNeVcZX9ywUml3ZaXxL%2Br5jICOV7a%2B5WvW9Dfd3mse6Nc1eCBQRrdUg%2B1tAVolpfPkvs5s1Tsd4ENN%2FnXsqiIH1OjBqTf%2F7qX4W3ZXdwiXSkrAaS3jCaRlFwjABOt6xLIEXtD%2F1DYrbLzfaFpYV3vdeJv%2FlIuzTl33%2FERR3KDEKTknzxOhz2ZWhoOsRWv%2BXn%2Bf2jB%2B%2BRuU2AllEoe1CAz7MKBTtNrl9wDVKV25sscBaikW5Z0EbzFuJebV7CCbGKNu72z%2FW36lJMt0D51NGUrXDxeksQ%2Frja7UKGxbonbYCOyrmqqD8WaIg%3D%3D HTTP/1.1" 200 0
2019-06-14 05:28:28,196 DEBUG   Thread-29 :79 [connectionpool.py:_make_request():393] https://storage.googleapis.com:443 "PUT /wandb-production.appspot.com/aksj98/LogisticText/5938xgzs/wandb-summary.json?Expires=1560490167&GoogleAccessId=gorilla-cloud-storage%40wandb-production.iam.gserviceaccount.com&Signature=dnc47bGLhA5NmFtWJ6loafrZHkifXgm2O3u5XPekOt70cjBOmsXYb15gt5BtrmCvSrYhMJJe8nDzyjGf98e%2Bwn%2FjQAXmcrlpX2UqXBSy2Qi5ee4Fe5%2FbK0eH%2BwUMVaBd2TZcT3DJ4HcIzWANiwljAB6VxUDLJSIvu11HldHaANnnjNFZ2QQDLTvSJhLCuxhlxAiLQ6qHaUrK2BC0mvtzOxZunuFU6GgICunhE1p3kS7kPZ4qp6CDGvDgdPG2Mel%2FEi9J4fehjp%2FWWh1KqgeEF1qpygLmEWZkSkj8XLNiTfu6XJC7a84n%2FI7%2BXchXoXc35Y13Qpp10Wg6KlGrftwpQw%3D%3D HTTP/1.1" 200 0
2019-06-14 05:28:28,205 DEBUG   Thread-28 :79 [connectionpool.py:_make_request():393] https://storage.googleapis.com:443 "PUT /wandb-production.appspot.com/aksj98/LogisticText/5938xgzs/wandb-metadata.json?Expires=1560490167&GoogleAccessId=gorilla-cloud-storage%40wandb-production.iam.gserviceaccount.com&Signature=kLj9mD4XRQsQKn14EVkvUZlymrJDm4nqcB9Tv4jXK9JwKSM8c3C8uXySb84B2HooXHhiHpBt84Y%2FhYsgtj8vJB8IUA9KnuZUe3orMzfkWQOntfgDba0htdxrSnp%2BtCm6xj8I6%2FH8XZbK52pmBGsY9MpFqmlDndUAh5AB%2B6tgcVPasNTkMbwK8hB6guWGHgFCnYXjuwD9kFOk%2FR53j3Py6OXgqmglN%2BLiivWaTwCD5hbHxBMImSi1IO4bFsSHPJCI9irZJWn%2FDUjsHskF16qQv5hZHtRZTaXDnwPUZNYA5lkHXS5kQg0xAMZjUGB%2Fwowx7BHxUfg4nw3TikymU7PH4w%3D%3D HTTP/1.1" 200 0
2019-06-14 05:28:28,281 DEBUG   Thread-26 :79 [connectionpool.py:_make_request():393] https://storage.googleapis.com:443 "PUT /wandb-production.appspot.com/aksj98/LogisticText/5938xgzs/requirements.txt?Expires=1560490167&GoogleAccessId=gorilla-cloud-storage%40wandb-production.iam.gserviceaccount.com&Signature=QoD5siz7cCqG99kFoHYD1jypUc2CjXOM0NcJDml41ESRMo9k0CHeZtLQdaPXwoLML0%2BHTA5QvdB4%2BPF7Vj9V5fx2EWD56gGLaaf%2FGfuIY685c6OWLBAz0zK4px8D6tC0WSeOl7gaN5f3RHIaH5rSlLE4K9y%2BU3XLocLWI9Zv5a6CgMXUYdD8JYq5aJ3%2FmxCcr4b4L0VemQocHn%2Bvz07A9V%2FCxE4vVAki5YmpAEvpoChXGq20uru6eAtUqigVR4HIaD7uPhIwgNZKT3yS3NBbD3121EUGDNNB%2BJCxyn9dl1TfNmfs%2BJvtfy2fyHh7bbLVQ0Jo6xlkuxBmAfAo9EoWzA%3D%3D HTTP/1.1" 200 0
2019-06-14 05:28:28,877 DEBUG   Thread-6  :79 [connectionpool.py:_make_request():393] https://api.wandb.ai:443 "POST /aksj98/LogisticText/5938xgzs/file_stream HTTP/1.1" 200 311
2019-06-14 05:28:28,941 DEBUG   Thread-6  :79 [connectionpool.py:_make_request():393] https://api.wandb.ai:443 "POST /aksj98/LogisticText/5938xgzs/file_stream HTTP/1.1" 200 308
2019-06-14 05:28:28,942 INFO    MainThread:79 [run_manager.py:_sync_etc():1235] rendering summary
2019-06-14 05:28:28,943 INFO    MainThread:79 [run_manager.py:_sync_etc():1266] syncing files to cloud storage
2019-06-14 05:28:29,946 INFO    MainThread:79 [run_manager.py:_sync_etc():1328] syncing complete: https://app.wandb.ai/aksj98/LogisticText/runs/5938xgzs
2019-06-14 05:28:29,946 INFO    MainThread:79 [5938xgzs:run_manager.py:_sync_etc():1328] syncing complete: https://app.wandb.ai/aksj98/LogisticText/runs/5938xgzs
